Arguments: 
  C:\Program Files\nodejs\node.exe C:\Users\mindw\AppData\Roaming\npm\node_modules\yarn\bin\yarn.js add eventemmitter3

PATH: 
  C:\Python310\Scripts\;C:\Python310\;C:\Program Files (x86)\Common Files\Oracle\Java\javapath;C:\Program Files\Oculus\Support\oculus-runtime;C:\Program Files (x86)\Common Files\Intel\Shared Libraries\redist\intel64\compiler;C:\WINDOWS\system32;C:\WINDOWS;C:\WINDOWS\System32\Wbem;C:\WINDOWS\System32\WindowsPowerShell\v1.0\;C:\WINDOWS\System32\OpenSSH\;C:\Program Files\NVIDIA Corporation\NVIDIA NvDLISR;C:\Program Files (x86)\NVIDIA Corporation\PhysX\Common;C:\Program Files (x86)\Filestar;C:\Program Files (x86)\Calibre2\;C:\Program Files\dotnet\;C:\WINDOWS\system32;C:\WINDOWS;C:\WINDOWS\System32\Wbem;C:\WINDOWS\System32\WindowsPowerShell\v1.0\;C:\WINDOWS\System32\OpenSSH\;C:\Program Files (x86)\QuickTime\QTSystem\;C:\Program Files\nodejs\;C:\ProgramData\chocolatey\bin;C:\Program Files\Git\cmd;C:\Program Files\Git LFS;C:\Program Files\PuTTY\;C:\Users\mindw\AppData\Local\Microsoft\WindowsApps;C:\Users\mindw\AppData\Local\Programs\Microsoft VS Code\bin;C:\Users\mindw\AppData\Roaming\npm;C:\Users\mindw\AppData\Local\Programs\mongosh\;C:\Program Files\heroku\bin;C:\Program Files\git\bin;C:\Program Files\git\cmd;C:\Program Files (x86)\GitHub CLI\;C:\Users\mindw\AppData\Local\GitHubDesktop\bin;C:\Program Files (x86)\BrowserStackLocal\

Yarn version: 
  1.22.17

Node version: 
  14.18.0

Platform: 
  win32 x64

Trace: 
  Error: https://registry.yarnpkg.com/eventemmitter3: Not found
      at Request.params.callback [as _callback] (C:\Users\mindw\AppData\Roaming\npm\node_modules\yarn\lib\cli.js:67029:18)
      at Request.self.callback (C:\Users\mindw\AppData\Roaming\npm\node_modules\yarn\lib\cli.js:140883:22)
      at Request.emit (events.js:400:28)
      at Request.<anonymous> (C:\Users\mindw\AppData\Roaming\npm\node_modules\yarn\lib\cli.js:141855:10)
      at Request.emit (events.js:400:28)
      at IncomingMessage.<anonymous> (C:\Users\mindw\AppData\Roaming\npm\node_modules\yarn\lib\cli.js:141777:12)
      at Object.onceWrapper (events.js:519:28)
      at IncomingMessage.emit (events.js:412:35)
      at endReadableNT (internal/streams/readable.js:1334:12)
      at processTicksAndRejections (internal/process/task_queues.js:82:21)

npm manifest: 
  {
    "dependencies": {
      "@pixi/app": "^6.5.1",
      "@pixi/constants": "^6.5.1",
      "@pixi/core": "^6.5.1",
      "@pixi/display": "^6.5.1",
      "@pixi/interaction": "^6.5.1",
      "@pixi/loaders": "^6.5.1",
      "@pixi/sprite": "^6.5.1",
      "@pixi/spritesheet": "^6.5.1",
      "@pixi/text": "^6.5.1",
      "@pixi/ticker": "^6.5.1",
      "gsap": "^3.10.4",
      "pixi": "^0.3.1",
      "type-fest": "^2.18.0"
    }
  }

yarn manifest: 
  No manifest

Lockfile: 
  # THIS IS AN AUTOGENERATED FILE. DO NOT EDIT THIS FILE DIRECTLY.
  # yarn lockfile v1
  
  
  "@pixi/app@^6.5.1":
    version "6.5.1"
    resolved "https://registry.yarnpkg.com/@pixi/app/-/app-6.5.1.tgz#d673fb946adc01cf6390fee9172577f1ab78e98b"
    integrity sha512-JBD5T21S2N8CVR2dXuvWzMFRNO24rbMa15qGekcItuCpw7VWe1oxEPxquxsbKlBL2Zanr+J69wW8ZIQd8yQAGA==
  
  "@pixi/constants@^6.5.1":
    version "6.5.1"
    resolved "https://registry.yarnpkg.com/@pixi/constants/-/constants-6.5.1.tgz#a1ab02f94d0dd00fbc47d5384cce30994f014560"
    integrity sha512-xhiCvpGtWlEKEuxRjygnjtfkOxW/FFDpJpwYjygfNr2WL+K6r8dfLl5VB89Au1dtp+akRqBo9AqO5gEZ0TaXzA==
  
  "@pixi/core@^6.5.1":
    version "6.5.1"
    resolved "https://registry.yarnpkg.com/@pixi/core/-/core-6.5.1.tgz#1b732fceeed2dba5247ace06e13f56500b230d0f"
    integrity sha512-TEn9mpidJKutmxAS4r3Yn39oZX1L2da1MVOQGQjW+NUdpGyVFweLGRPRKR+rV7xtXcU33jKDm8ZZaDgafO1hag==
    dependencies:
      "@types/offscreencanvas" "^2019.6.4"
  
  "@pixi/display@^6.5.1":
    version "6.5.1"
    resolved "https://registry.yarnpkg.com/@pixi/display/-/display-6.5.1.tgz#5e21a794008a0d2359fbee784b2e8a6baa7e1c43"
    integrity sha512-2NzEEaqdKHNpLwJxOsVq1VIYozNGfq4RCLEiXN90CVIp8021i6Fzr0JoVx16Eio3rSBXk9xMmSdw3esEtf8Bmw==
  
  "@pixi/interaction@^6.5.1":
    version "6.5.1"
    resolved "https://registry.yarnpkg.com/@pixi/interaction/-/interaction-6.5.1.tgz#ba28d61144aa88b88dbb36238cabdf59b03fa201"
    integrity sha512-JVQ4SAr1ykE7nJZpoROnexscRI8QYx5T8fyXwVlXxAFdpX5mtBqOlCpYOVCs8wtu6dP0R7EDlfpf5ARh1JZwvQ==
  
  "@pixi/loaders@^6.5.1":
    version "6.5.1"
    resolved "https://registry.yarnpkg.com/@pixi/loaders/-/loaders-6.5.1.tgz#148e2d7e5b30bd81dab4941a857a01b92c5aa65e"
    integrity sha512-3a41RWFWyRtBrs/fboaFHLF7H5uof4XaWqMCxvLzfofHiz2AuiZnAx9YJAjT+RCP2uFfoU1XmDcyGdc1Q0Ib4w==
  
  "@pixi/sprite@^6.5.1":
    version "6.5.1"
    resolved "https://registry.yarnpkg.com/@pixi/sprite/-/sprite-6.5.1.tgz#d5f27da3d872071ac9ae12c7a3ab9f8357bb9970"
    integrity sha512-r+ZI0KMhp8QK8rrxSttolAeFDum+TJtFd7itUx5tPKJscpTm/Mp5jiUJbX+pVSCkTQBqhUnZ/SbV2uJY4+E25Q==
  
  "@pixi/spritesheet@^6.5.1":
    version "6.5.1"
    resolved "https://registry.yarnpkg.com/@pixi/spritesheet/-/spritesheet-6.5.1.tgz#6a183a8137078bb84e3a64d648ee17ef559fc416"
    integrity sha512-5hbGCvSPBEYYbD1h2kL6U4kbWc+QLOJfiEnNxTGay2uawDSU4TixhblqZJyIR9b99RuhNAhrvM7Ii1cR0Is4Yw==
  
  "@pixi/text@^6.5.1":
    version "6.5.1"
    resolved "https://registry.yarnpkg.com/@pixi/text/-/text-6.5.1.tgz#df29fa7427c0cea34b19f4fa7c5c0857f80bc224"
    integrity sha512-vryWN5LIHqxApOnHF2ggZ8VIQcPh9mULyeQKoWMhzCp8dvlGp246W9Qwc+/FehestLk2qIWbY3Mtp+P4hYm+5w==
  
  "@pixi/ticker@^6.5.1":
    version "6.5.1"
    resolved "https://registry.yarnpkg.com/@pixi/ticker/-/ticker-6.5.1.tgz#457bdfe9cb9215847702f961813c90ffc83ed268"
    integrity sha512-8iHP96YMv1EmrE3EWFYY2APfTNcwH5YOXxRH5KIPWSaqXmxYI9mOgfcDuejJJiWOXOOQTt7g2Ehz9TKAFDcESQ==
  
  "@types/offscreencanvas@^2019.6.4":
    version "2019.7.0"
    resolved "https://registry.yarnpkg.com/@types/offscreencanvas/-/offscreencanvas-2019.7.0.tgz#e4a932069db47bb3eabeb0b305502d01586fa90d"
    integrity sha512-PGcyveRIpL1XIqK8eBsmRBt76eFgtzuPiSTyKHZxnGemp2yzGzWpjYKAfK3wIMiU7eH+851yEpiuP8JZerTmWg==
  
  gsap@^3.10.4:
    version "3.10.4"
    resolved "https://registry.yarnpkg.com/gsap/-/gsap-3.10.4.tgz#db89a6b8f6d5cb76e274eae822cbc1aa4d31e88f"
    integrity sha512-6QatdkKxXCMfvCW4rM++0RqyLQAzFX5nwl3yHS0XPgkZBkiSEY3VZVbMltrdtsbER/xZonLtyHt684wRp4erlQ==
  
  pixi@^0.3.1:
    version "0.3.1"
    resolved "https://registry.yarnpkg.com/pixi/-/pixi-0.3.1.tgz#858cd6164a32a1e4b41192cdf5c6d98209300ba8"
    integrity sha512-9ngEid+Zp6WTSnHnfy3+PX/02HXhJ3RMxolpuf7H4e8cKHl9WE3lB059v0O7op55We92ILAssAWSAQHG64cYhQ==
  
  type-fest@^2.18.0:
    version "2.18.0"
    resolved "https://registry.yarnpkg.com/type-fest/-/type-fest-2.18.0.tgz#fdef3a74e0a9e68ebe46054836650fb91ac3881e"
    integrity sha512-pRS+/yrW5TjPPHNOvxhbNZexr2bS63WjrMU8a+VzEBhUi9Tz1pZeD+vQz3ut0svZ46P+SRqMEPnJmk2XnvNzTw==
